<?xml version="1.0" encoding="UTF-8"?>
<coverage generated="1660871615731" clover="3.2.0">
  <project timestamp="1660871615731" name="All files">
    <metrics statements="9" coveredstatements="9" conditionals="6" coveredconditionals="5" methods="1" coveredmethods="1" elements="16" coveredelements="15" complexity="0" loc="9" ncloc="9" packages="1" files="1" classes="1"/>
    <file name="formatBirthDate.ts" path="/Users/luke/Documents/Development/perm-cli/src/utils/formatBirthDate.ts">
      <metrics statements="9" coveredstatements="9" conditionals="6" coveredconditionals="5" methods="1" coveredmethods="1"/>
      <line num="1" count="1" type="stmt"/>
      <line num="5" count="1" type="stmt"/>
      <line num="6" count="9" type="stmt"/>
      <line num="8" count="9" type="stmt"/>
      <line num="10" count="9" type="cond" truecount="1" falsecount="1"/>
      <line num="14" count="9" type="cond" truecount="4" falsecount="0"/>
      <line num="15" count="3" type="stmt"/>
      <line num="17" count="6" type="stmt"/>
      <line num="20" count="9" type="stmt"/>
    </file>
  </project>
</coverage>
