{"/Users/luke/Documents/Development/perm-cli/src/utils/formatBirthDate.ts": {"path":"/Users/luke/Documents/Development/perm-cli/src/utils/formatBirthDate.ts","statementMap":{"0":{"start":{"line":1,"column":0},"end":{"line":1,"column":39}},"1":{"start":{"line":6,"column":2},"end":{"line":6,"column":55}},"2":{"start":{"line":8,"column":16},"end":{"line":8,"column":26}},"3":{"start":{"line":10,"column":4},"end":{"line":12,"column":24}},"4":{"start":{"line":14,"column":2},"end":{"line":18,"column":null}},"5":{"start":{"line":15,"column":4},"end":{"line":15,"column":50}},"6":{"start":{"line":17,"column":4},"end":{"line":17,"column":46}},"7":{"start":{"line":20,"column":2},"end":{"line":20,"column":30}},"8":{"start":{"line":5,"column":0},"end":{"line":5,"column":16}}},"fnMap":{"0":{"name":"formatBirthDate","decl":{"start":{"line":5,"column":16},"end":{"line":5,"column":31}},"loc":{"start":{"line":5,"column":46},"end":{"line":21,"column":1}}}},"branchMap":{"0":{"loc":{"start":{"line":10,"column":4},"end":{"line":12,"column":24}},"type":"cond-expr","locations":[{"start":{"line":11,"column":8},"end":{"line":11,"column":72}},{"start":{"line":12,"column":8},"end":{"line":12,"column":24}}]},"1":{"loc":{"start":{"line":14,"column":2},"end":{"line":18,"column":null}},"type":"if","locations":[{"start":{"line":14,"column":2},"end":{"line":18,"column":null}},{"start":{"line":16,"column":9},"end":{"line":18,"column":null}}]},"2":{"loc":{"start":{"line":14,"column":6},"end":{"line":14,"column":85}},"type":"binary-expr","locations":[{"start":{"line":14,"column":6},"end":{"line":14,"column":45}},{"start":{"line":14,"column":49},"end":{"line":14,"column":85}}]}},"s":{"0":1,"1":9,"2":9,"3":9,"4":9,"5":3,"6":6,"7":9,"8":1},"f":{"0":9},"b":{"0":[9,0],"1":[3,6],"2":[9,9]}}
}
